Arguments: 
  C:\Program Files\nodejs\node.exe C:\Users\ecolon\AppData\Roaming\npm\node_modules\yarn\bin\yarn.js install

PATH: 
  C:\Program Files\AdoptOpenJDK\jdk-11.0.3.7-hotspot\bin;C:\ProgramData\DockerDesktop\version-bin;C:\Program Files\Docker\Docker\Resources\bin;C:\Program Files (x86)\Intel\Intel(R) Management Engine Components\iCLS\;C:\Program Files\Intel\Intel(R) Management Engine Components\iCLS\;C:\Python37\Scripts\;C:\Python37\;C:\Program Files (x86)\Common Files\Oracle\Java\javapath;C:\Windows\system32;C:\Windows;C:\Windows\System32\Wbem;C:\Windows\System32\WindowsPowerShell\v1.0\;C:\Windows\System32\OpenSSH\;C:\Program Files (x86)\Microsoft SQL Server\Client SDK\ODBC\130\Tools\Binn\;C:\Program Files (x86)\Microsoft SQL Server\140\Tools\Binn\;C:\Program Files (x86)\Microsoft SQL Server\140\DTS\Binn\;C:\Program Files (x86)\Microsoft SQL Server\140\Tools\Binn\ManagementStudio\;C:\ProgramData\chocolatey\bin;C:\Program Files\nodejs\;C:\tools\php72;C:\Program Files\TortoiseSVN\bin;C:\Program Files\Git\cmd;C:\Program Files\Git\mingw64\bin;C:\Program Files\Git\usr\bin;C:\ProgramData\ComposerSetup\bin;C:\Program Files (x86)\Intel\Intel(R) Management Engine Components\DAL;C:\Program Files\Intel\Intel(R) Management Engine Components\DAL;C:\PostgreSQL\pg11\bin;C:\Program Files\Microsoft SQL Server\130\Tools\Binn\;C:\Program Files (x86)\Microsoft SQL Server\110\DTS\Binn\;C:\Program Files (x86)\Microsoft SQL Server\120\DTS\Binn\;C:\Program Files (x86)\Microsoft SQL Server\130\DTS\Binn\;C:\Program Files (x86)\Microsoft SQL Server\150\DTS\Binn\;C:\Program Files\Sublime Text 3\;C:\Users\ecolon\AppData\Local\Microsoft\WindowsApps;C:\Users\ecolon\AppData\Local\Programs\Microsoft VS Code\bin;C:\Users\ecolon\AppData\Roaming\npm;C:\Users\ecolon\AppData\Roaming\Composer\vendor\bin;C:\Program Files\JetBrains\IntelliJ IDEA 2018.3.1\bin;C:\Program Files\JetBrains\PhpStorm 2018.3.1\bin;C:\Program Files\JetBrains\PyCharm 2018.3.2\bin;C:\Users\ecolon\AppData\Local\hyper\app-3.0.2\resources\bin;C:\Users\ecolon\AppData\Local\atom\bin

Yarn version: 
  1.16.0

Node version: 
  10.12.0

Platform: 
  win32 x64

Trace: 
  SyntaxError: C:\Users\ecolon\projects\abb\packages\common\package.json: Unexpected string in JSON at position 167
      at JSON.parse (<anonymous>)
      at C:\Users\ecolon\AppData\Roaming\npm\node_modules\yarn\lib\cli.js:1625:59
      at Generator.next (<anonymous>)
      at step (C:\Users\ecolon\AppData\Roaming\npm\node_modules\yarn\lib\cli.js:304:30)
      at C:\Users\ecolon\AppData\Roaming\npm\node_modules\yarn\lib\cli.js:315:13

npm manifest: 
  {
    "name": "@abb/common",
    "version": "1.0.0",
    "main": "dist/index.js",
    "typings": "dist/index.d.ts",
    "license": "MIT",
    "scripts":{
      "build": "tsc"
    }
    "devDependencies": {
      "@types/yup": "^0.26.22",
      "tslint": "^5.18.0",
      "tslint-config-prettier": "^1.18.0",
      "typescript": "^3.5.3"
    },
    "dependencies": {
      "yup": "^0.27.0"
    }
  }

yarn manifest: 
  No manifest

Lockfile: 
  No lockfile
